<?xml version="1.0" encoding="UTF-8"?>
<!-- Generated by org.testng.reporters.JUnitXMLReporter -->
<testsuite ignored="0" hostname="NITISH" failures="0" tests="2" name="Default test" time="17.299" errors="0" timestamp="2022-10-22T08:36:17 IST">
  <testcase classname="com.TestVagrantProject.testcases.ValidateReleseDateAndCountry" name="ValidateCountry" time="13.353"/>
  <testcase classname="com.TestVagrantProject.testcases.ValidateReleseDateAndCountry" name="ValidateReleseDate" time="1.108"/>
</testsuite> <!-- Default test -->
