<?xml version="1.0" encoding="UTF-8"?>
<!-- Generated by org.testng.reporters.JUnitXMLReporter -->
<testsuite ignored="0" hostname="NITISH" failures="0" tests="2" name="Test" time="6.391" errors="0" timestamp="2022-10-22T17:46:32 IST">
  <testcase classname="com.TestVagrantProject.testcases.ValidateReleseDateAndCountry" name="ValidateCountry" time="2.42"/>
  <testcase classname="com.TestVagrantProject.testcases.ValidateReleseDateAndCountry" name="ValidateReleseDate" time="0.421"/>
</testsuite> <!-- Test -->
